Flutter crash report.
Please report a bug at https://github.com/flutter/flutter/issues.

## command

flutter run -d web

## exception

NoSuchMethodError: NoSuchMethodError: The method 'cancel' was called on null.
Receiver: null
Tried calling: cancel()

```
#0      Object.noSuchMethod (dart:core-patch/object_patch.dart:51:5)
#1      AnsiSpinner.finish (package:flutter_tools/src/base/logger.dart:969:11)
#2      Status.stop (package:flutter_tools/src/base/logger.dart:750:5)
#3      AnsiStatus.stop (package:flutter_tools/src/base/logger.dart:1051:11)
#4      ArtifactUpdater._downloadArchive (package:flutter_tools/src/cache.dart:1506:16)
<asynchronous suspension>
#5      ArtifactUpdater.downloadZipArchive (package:flutter_tools/src/cache.dart:1442:12)
#6      FlutterWebSdk.updateInner (package:flutter_tools/src/cache.dart:639:27)
#7      CachedArtifact.update (package:flutter_tools/src/cache.dart:573:11)
#8      Cache.updateAll (package:flutter_tools/src/cache.dart:452:24)
#9      FlutterCommand.verifyThenRunCommand (package:flutter_tools/src/runner/flutter_command.dart:925:27)
<asynchronous suspension>
#10     FlutterCommand.run.<anonymous closure> (package:flutter_tools/src/runner/flutter_command.dart:831:33)
<asynchronous suspension>
#11     FlutterCommand.run.<anonymous closure> (package:flutter_tools/src/runner/flutter_command.dart)
#12     AppContext.run.<anonymous closure> (package:flutter_tools/src/base/context.dart:150:29)
#13     _rootRun (dart:async/zone.dart:1190:13)
#14     _CustomZone.run (dart:async/zone.dart:1093:19)
#15     _runZoned (dart:async/zone.dart:1630:10)
#16     runZoned (dart:async/zone.dart:1550:10)
#17     AppContext.run (package:flutter_tools/src/base/context.dart:149:18)
#18     FlutterCommand.run (package:flutter_tools/src/runner/flutter_command.dart:820:20)
#19     CommandRunner.runCommand (package:args/command_runner.dart:197:27)
#20     FlutterCommandRunner.runCommand.<anonymous closure> (package:flutter_tools/src/runner/flutter_command_runner.dart:335:21)
<asynchronous suspension>
#21     FlutterCommandRunner.runCommand.<anonymous closure> (package:flutter_tools/src/runner/flutter_command_runner.dart)
#22     AppContext.run.<anonymous closure> (package:flutter_tools/src/base/context.dart:150:29)
#23     _rootRun (dart:async/zone.dart:1190:13)
#24     _CustomZone.run (dart:async/zone.dart:1093:19)
#25     _runZoned (dart:async/zone.dart:1630:10)
#26     runZoned (dart:async/zone.dart:1550:10)
#27     AppContext.run (package:flutter_tools/src/base/context.dart:149:18)
#28     FlutterCommandRunner.runCommand (package:flutter_tools/src/runner/flutter_command_runner.dart:281:19)
<asynchronous suspension>
#29     CommandRunner.run.<anonymous closure> (package:args/command_runner.dart:112:25)
#30     new Future.sync (dart:async/future.dart:223:31)
#31     CommandRunner.run (package:args/command_runner.dart:112:14)
#32     FlutterCommandRunner.run (package:flutter_tools/src/runner/flutter_command_runner.dart:230:18)
#33     run.<anonymous closure>.<anonymous closure> (package:flutter_tools/runner.dart:63:22)
#34     _rootRun (dart:async/zone.dart:1190:13)
#35     _CustomZone.run (dart:async/zone.dart:1093:19)
#36     _runZoned (dart:async/zone.dart:1630:10)
#37     runZonedGuarded (dart:async/zone.dart:1618:12)
#38     runZoned (dart:async/zone.dart:1547:12)
#39     run.<anonymous closure> (package:flutter_tools/runner.dart:61:18)
<asynchronous suspension>
#40     run.<anonymous closure> (package:flutter_tools/runner.dart)
#41     runInContext.runnerWrapper (package:flutter_tools/src/context_runner.dart:67:18)
<asynchronous suspension>
#42     runInContext.runnerWrapper (package:flutter_tools/src/context_runner.dart)
#43     AppContext.run.<anonymous closure> (package:flutter_tools/src/base/context.dart:150:29)
#44     _rootRun (dart:async/zone.dart:1190:13)
#45     _CustomZone.run (dart:async/zone.dart:1093:19)
#46     _runZoned (dart:async/zone.dart:1630:10)
#47     runZoned (dart:async/zone.dart:1550:10)
#48     AppContext.run (package:flutter_tools/src/base/context.dart:149:18)
#49     runInContext (package:flutter_tools/src/context_runner.dart:70:24)
#50     run (package:flutter_tools/runner.dart:46:10)
#51     main (package:flutter_tools/executable.dart:77:9)
#52     main (file:///D:/Dev/flutter/packages/flutter_tools/bin/flutter_tools.dart:8:3)
#53     _startIsolate.<anonymous closure> (dart:isolate-patch/isolate_patch.dart:299:32)
#54     _RawReceivePortImpl._handleMessage (dart:isolate-patch/isolate_patch.dart:168:12)
```

## flutter doctor

```
[✓] Flutter (Channel beta, 1.22.0-12.1.pre, on Microsoft Windows [Version 10.0.19041.508], locale en-IN)
    • Flutter version 1.22.0-12.1.pre at D:\Dev\flutter
    • Framework revision 8b3760638a (10 days ago), 2020-09-15 17:47:13 -0700
    • Engine revision 4654fc6cf6
    • Dart version 2.10.0 (build 2.10.0-110.3.beta)

[✓] Android toolchain - develop for Android devices (Android SDK version 30.0.2)
    • Android SDK at C:\Users\Ritesh\AppData\Local\Android\sdk
    • Platform android-30, build-tools 30.0.2
    • Java binary at: D:\Android Studio\jre\bin\java
    • Java version OpenJDK Runtime Environment (build 1.8.0_242-release-1644-b01)
    • All Android licenses accepted.

[✗] Chrome - develop for the web (Cannot find Chrome executable at .\Google\Chrome\Application\chrome.exe)
    ! Cannot find Chrome. Try setting CHROME_EXECUTABLE to a Chrome executable.

[✓] Android Studio (version 4.0)
    • Android Studio at D:\Android Studio
    • Flutter plugin version 49.0.2
    • Dart plugin version 193.7547
    • Java version OpenJDK Runtime Environment (build 1.8.0_242-release-1644-b01)

[✓] Connected device (2 available)
    • Web Server (web) • web-server • web-javascript • Flutter Tools
    • Edge (web)       • edge       • web-javascript • Microsoft Edge 85.0.564.63

! Doctor found issues in 1 category.
```
